[0120/140137:WARNING:resource_bundle.cc(304)] locale_file_path.empty()
[0120/140137:ERROR:main_delegate.cc(564)] Could not load locale pak for en-US
[0120/140137:ERROR:main_delegate.cc(571)] Could not load cef.pak
[0120/140137:ERROR:main_delegate.cc(588)] Could not load cef_100_percent.pak
[0120/140137:WARNING:resource_bundle.cc(497)] locale resources are not loaded
[0120/140137:WARNING:resource_bundle.cc(304)] locale_file_path.empty()
[0120/140137:ERROR:main_delegate.cc(564)] Could not load locale pak for en-US
[0120/140137:ERROR:main_delegate.cc(571)] Could not load cef.pak
[0120/140137:ERROR:main_delegate.cc(588)] Could not load cef_100_percent.pak
[0120/140139:WARNING:resource_bundle.cc(304)] locale_file_path.empty()
[0120/140139:ERROR:main_delegate.cc(564)] Could not load locale pak for en-US
[0120/140139:ERROR:main_delegate.cc(571)] Could not load cef.pak
[0120/140139:ERROR:main_delegate.cc(588)] Could not load cef_100_percent.pak
[0120/140139:ERROR:renderer_main.cc(207)] Running without renderer sandbox
[0120/140402:WARNING:resource_bundle.cc(304)] locale_file_path.empty()
[0120/140402:ERROR:main_delegate.cc(564)] Could not load locale pak for en-US
[0120/140402:ERROR:main_delegate.cc(571)] Could not load cef.pak
[0120/140402:ERROR:main_delegate.cc(588)] Could not load cef_100_percent.pak
[0120/140402:WARNING:resource_bundle.cc(497)] locale resources are not loaded
[0120/140402:WARNING:resource_bundle.cc(304)] locale_file_path.empty()
[0120/140402:ERROR:main_delegate.cc(564)] Could not load locale pak for en-US
[0120/140402:ERROR:main_delegate.cc(571)] Could not load cef.pak
[0120/140402:ERROR:main_delegate.cc(588)] Could not load cef_100_percent.pak
[0120/140404:WARNING:resource_bundle.cc(304)] locale_file_path.empty()
[0120/140404:ERROR:main_delegate.cc(564)] Could not load locale pak for en-US
[0120/140404:ERROR:main_delegate.cc(571)] Could not load cef.pak
[0120/140404:ERROR:main_delegate.cc(588)] Could not load cef_100_percent.pak
[0120/140404:ERROR:renderer_main.cc(207)] Running without renderer sandbox
[0120/141033:WARNING:resource_bundle.cc(304)] locale_file_path.empty()
[0120/141033:ERROR:main_delegate.cc(564)] Could not load locale pak for en-US
[0120/141033:ERROR:main_delegate.cc(571)] Could not load cef.pak
[0120/141033:ERROR:main_delegate.cc(588)] Could not load cef_100_percent.pak
[0120/141033:WARNING:resource_bundle.cc(497)] locale resources are not loaded
[0120/141033:WARNING:resource_bundle.cc(304)] locale_file_path.empty()
[0120/141033:ERROR:main_delegate.cc(564)] Could not load locale pak for en-US
[0120/141033:ERROR:main_delegate.cc(571)] Could not load cef.pak
[0120/141033:ERROR:main_delegate.cc(588)] Could not load cef_100_percent.pak
[0120/141035:WARNING:resource_bundle.cc(304)] locale_file_path.empty()
[0120/141035:ERROR:main_delegate.cc(564)] Could not load locale pak for en-US
[0120/141035:ERROR:main_delegate.cc(571)] Could not load cef.pak
[0120/141035:ERROR:main_delegate.cc(588)] Could not load cef_100_percent.pak
[0120/141035:ERROR:renderer_main.cc(207)] Running without renderer sandbox
[0120/141055:WARNING:resource_bundle.cc(304)] locale_file_path.empty()
[0120/141055:ERROR:main_delegate.cc(564)] Could not load locale pak for en-US
[0120/141055:ERROR:main_delegate.cc(571)] Could not load cef.pak
[0120/141055:ERROR:main_delegate.cc(588)] Could not load cef_100_percent.pak
[0120/141055:WARNING:resource_bundle.cc(497)] locale resources are not loaded
[0120/141055:WARNING:resource_bundle.cc(304)] locale_file_path.empty()
[0120/141055:ERROR:main_delegate.cc(564)] Could not load locale pak for en-US
[0120/141055:ERROR:main_delegate.cc(571)] Could not load cef.pak
[0120/141055:ERROR:main_delegate.cc(588)] Could not load cef_100_percent.pak
[0120/141057:WARNING:resource_bundle.cc(304)] locale_file_path.empty()
[0120/141057:ERROR:main_delegate.cc(564)] Could not load locale pak for en-US
[0120/141057:ERROR:main_delegate.cc(571)] Could not load cef.pak
[0120/141057:ERROR:main_delegate.cc(588)] Could not load cef_100_percent.pak
[0120/141057:ERROR:renderer_main.cc(207)] Running without renderer sandbox
[0120/141408:WARNING:resource_bundle.cc(304)] locale_file_path.empty()
[0120/141408:ERROR:main_delegate.cc(564)] Could not load locale pak for en-US
[0120/141408:ERROR:main_delegate.cc(571)] Could not load cef.pak
[0120/141408:ERROR:main_delegate.cc(588)] Could not load cef_100_percent.pak
[0120/141408:WARNING:resource_bundle.cc(497)] locale resources are not loaded
[0120/141408:WARNING:resource_bundle.cc(304)] locale_file_path.empty()
[0120/141408:ERROR:main_delegate.cc(564)] Could not load locale pak for en-US
[0120/141408:ERROR:main_delegate.cc(571)] Could not load cef.pak
[0120/141408:ERROR:main_delegate.cc(588)] Could not load cef_100_percent.pak
[0120/141410:WARNING:resource_bundle.cc(304)] locale_file_path.empty()
[0120/141410:ERROR:main_delegate.cc(564)] Could not load locale pak for en-US
[0120/141410:ERROR:main_delegate.cc(571)] Could not load cef.pak
[0120/141410:ERROR:main_delegate.cc(588)] Could not load cef_100_percent.pak
[0120/141410:ERROR:renderer_main.cc(207)] Running without renderer sandbox
[0120/142114:WARNING:resource_bundle.cc(304)] locale_file_path.empty()
[0120/142114:ERROR:main_delegate.cc(564)] Could not load locale pak for en-US
[0120/142114:ERROR:main_delegate.cc(571)] Could not load cef.pak
[0120/142114:ERROR:main_delegate.cc(588)] Could not load cef_100_percent.pak
[0120/142114:WARNING:resource_bundle.cc(497)] locale resources are not loaded
[0120/142114:WARNING:resource_bundle.cc(304)] locale_file_path.empty()
[0120/142115:ERROR:main_delegate.cc(564)] Could not load locale pak for en-US
[0120/142115:ERROR:main_delegate.cc(571)] Could not load cef.pak
[0120/142115:ERROR:main_delegate.cc(588)] Could not load cef_100_percent.pak
[0120/142117:WARNING:resource_bundle.cc(304)] locale_file_path.empty()
[0120/142117:ERROR:main_delegate.cc(564)] Could not load locale pak for en-US
[0120/142117:ERROR:main_delegate.cc(571)] Could not load cef.pak
[0120/142117:ERROR:main_delegate.cc(588)] Could not load cef_100_percent.pak
[0120/142117:ERROR:renderer_main.cc(207)] Running without renderer sandbox
[0120/142556:WARNING:resource_bundle.cc(304)] locale_file_path.empty()
[0120/142556:ERROR:main_delegate.cc(564)] Could not load locale pak for en-US
[0120/142556:ERROR:main_delegate.cc(571)] Could not load cef.pak
[0120/142556:ERROR:main_delegate.cc(588)] Could not load cef_100_percent.pak
[0120/142556:WARNING:resource_bundle.cc(497)] locale resources are not loaded
[0120/142556:WARNING:resource_bundle.cc(304)] locale_file_path.empty()
[0120/142556:ERROR:main_delegate.cc(564)] Could not load locale pak for en-US
[0120/142556:ERROR:main_delegate.cc(571)] Could not load cef.pak
[0120/142556:ERROR:main_delegate.cc(588)] Could not load cef_100_percent.pak
[0120/142558:WARNING:resource_bundle.cc(304)] locale_file_path.empty()
[0120/142558:ERROR:main_delegate.cc(564)] Could not load locale pak for en-US
[0120/142558:ERROR:main_delegate.cc(571)] Could not load cef.pak
[0120/142558:ERROR:main_delegate.cc(588)] Could not load cef_100_percent.pak
[0120/142558:ERROR:renderer_main.cc(207)] Running without renderer sandbox
[0120/142640:WARNING:resource_bundle.cc(304)] locale_file_path.empty()
[0120/142640:ERROR:main_delegate.cc(564)] Could not load locale pak for en-US
[0120/142640:ERROR:main_delegate.cc(571)] Could not load cef.pak
[0120/142640:ERROR:main_delegate.cc(588)] Could not load cef_100_percent.pak
[0120/142640:WARNING:resource_bundle.cc(497)] locale resources are not loaded
[0120/142640:WARNING:resource_bundle.cc(304)] locale_file_path.empty()
[0120/142640:ERROR:main_delegate.cc(564)] Could not load locale pak for en-US
[0120/142640:ERROR:main_delegate.cc(571)] Could not load cef.pak
[0120/142640:ERROR:main_delegate.cc(588)] Could not load cef_100_percent.pak
[0120/142642:WARNING:resource_bundle.cc(304)] locale_file_path.empty()
[0120/142642:ERROR:main_delegate.cc(564)] Could not load locale pak for en-US
[0120/142642:ERROR:main_delegate.cc(571)] Could not load cef.pak
[0120/142642:ERROR:main_delegate.cc(588)] Could not load cef_100_percent.pak
[0120/142642:ERROR:renderer_main.cc(207)] Running without renderer sandbox
[0120/143028:WARNING:resource_bundle.cc(304)] locale_file_path.empty()
[0120/143028:ERROR:main_delegate.cc(564)] Could not load locale pak for en-US
[0120/143028:ERROR:main_delegate.cc(571)] Could not load cef.pak
[0120/143028:ERROR:main_delegate.cc(588)] Could not load cef_100_percent.pak
[0120/143028:WARNING:resource_bundle.cc(497)] locale resources are not loaded
[0120/143028:WARNING:resource_bundle.cc(304)] locale_file_path.empty()
[0120/143028:ERROR:main_delegate.cc(564)] Could not load locale pak for en-US
[0120/143028:ERROR:main_delegate.cc(571)] Could not load cef.pak
[0120/143028:ERROR:main_delegate.cc(588)] Could not load cef_100_percent.pak
[0120/143030:WARNING:resource_bundle.cc(304)] locale_file_path.empty()
[0120/143030:ERROR:main_delegate.cc(564)] Could not load locale pak for en-US
[0120/143030:ERROR:main_delegate.cc(571)] Could not load cef.pak
[0120/143030:ERROR:main_delegate.cc(588)] Could not load cef_100_percent.pak
[0120/143030:ERROR:renderer_main.cc(207)] Running without renderer sandbox
[0120/144837:WARNING:resource_bundle.cc(304)] locale_file_path.empty()
[0120/144837:ERROR:main_delegate.cc(564)] Could not load locale pak for en-US
[0120/144837:ERROR:main_delegate.cc(571)] Could not load cef.pak
[0120/144837:ERROR:main_delegate.cc(588)] Could not load cef_100_percent.pak
[0120/144837:WARNING:resource_bundle.cc(497)] locale resources are not loaded
[0120/144837:WARNING:resource_bundle.cc(304)] locale_file_path.empty()
[0120/144837:ERROR:main_delegate.cc(564)] Could not load locale pak for en-US
[0120/144837:ERROR:main_delegate.cc(571)] Could not load cef.pak
[0120/144837:ERROR:main_delegate.cc(588)] Could not load cef_100_percent.pak
[0120/144838:WARNING:resource_bundle.cc(304)] locale_file_path.empty()
[0120/144838:ERROR:main_delegate.cc(564)] Could not load locale pak for en-US
[0120/144838:ERROR:main_delegate.cc(571)] Could not load cef.pak
[0120/144838:ERROR:main_delegate.cc(588)] Could not load cef_100_percent.pak
[0120/144838:WARNING:resource_bundle.cc(497)] locale resources are not loaded
[0120/144839:WARNING:resource_bundle.cc(304)] locale_file_path.empty()
[0120/144839:ERROR:main_delegate.cc(564)] Could not load locale pak for en-US
[0120/144839:ERROR:main_delegate.cc(571)] Could not load cef.pak
[0120/144839:ERROR:main_delegate.cc(588)] Could not load cef_100_percent.pak
[0120/144839:WARNING:resource_bundle.cc(304)] locale_file_path.empty()
[0120/144839:ERROR:main_delegate.cc(564)] Could not load locale pak for en-US
[0120/144839:ERROR:main_delegate.cc(571)] Could not load cef.pak
[0120/144839:ERROR:main_delegate.cc(588)] Could not load cef_100_percent.pak
[0120/144839:ERROR:renderer_main.cc(207)] Running without renderer sandbox
[0120/144841:WARNING:resource_bundle.cc(304)] locale_file_path.empty()
[0120/144841:ERROR:main_delegate.cc(564)] Could not load locale pak for en-US
[0120/144841:ERROR:main_delegate.cc(571)] Could not load cef.pak
[0120/144841:ERROR:main_delegate.cc(588)] Could not load cef_100_percent.pak
[0120/144841:ERROR:renderer_main.cc(207)] Running without renderer sandbox
[0120/144847:WARNING:resource_bundle.cc(304)] locale_file_path.empty()
[0120/144847:ERROR:main_delegate.cc(564)] Could not load locale pak for en-US
[0120/144847:ERROR:main_delegate.cc(571)] Could not load cef.pak
[0120/144847:ERROR:main_delegate.cc(588)] Could not load cef_100_percent.pak
[0120/144847:WARNING:resource_bundle.cc(497)] locale resources are not loaded
[0120/144847:WARNING:resource_bundle.cc(304)] locale_file_path.empty()
[0120/144847:ERROR:main_delegate.cc(564)] Could not load locale pak for en-US
[0120/144847:ERROR:main_delegate.cc(571)] Could not load cef.pak
[0120/144847:ERROR:main_delegate.cc(588)] Could not load cef_100_percent.pak
[0120/144851:WARNING:resource_bundle.cc(304)] locale_file_path.empty()
[0120/144851:ERROR:main_delegate.cc(564)] Could not load locale pak for en-US
[0120/144851:ERROR:main_delegate.cc(571)] Could not load cef.pak
[0120/144851:ERROR:main_delegate.cc(588)] Could not load cef_100_percent.pak
[0120/144851:ERROR:renderer_main.cc(207)] Running without renderer sandbox
[0120/162412:WARNING:resource_bundle.cc(304)] locale_file_path.empty()
[0120/162412:ERROR:main_delegate.cc(564)] Could not load locale pak for en-US
[0120/162412:ERROR:main_delegate.cc(571)] Could not load cef.pak
[0120/162412:ERROR:main_delegate.cc(588)] Could not load cef_100_percent.pak
[0120/162412:ERROR:renderer_main.cc(207)] Running without renderer sandbox
